<?xml version="1.0" encoding="UTF-8"?>
<!-- Generated by org.testng.reporters.JUnitReportReporter -->
<testsuite hostname="Freds-Air.home" failures="0" tests="1" name="fredfraser.tests.SubmitOrderTestTest" time="32.406" errors="0" timestamp="2024-04-25T16:29:16 EDT" skipped="0">
  <testcase classname="fredfraser.tests.SubmitOrderTestTest" name="submitOrder" time="32.406"/>
  <system-out/>
</testsuite> <!-- fredfraser.tests.SubmitOrderTestTest -->
