<?xml version="1.0" encoding="UTF-8"?>
<!-- Generated by org.testng.reporters.JUnitReportReporter -->
<testsuite hostname="Freds-Air.home" failures="0" tests="1" name="fredfraser.tests.SubmitOrderTest" time="29.193" errors="0" timestamp="2024-04-25T17:21:01 EDT" skipped="0">
  <testcase classname="fredfraser.tests.SubmitOrderTest" name="submitOrder" time="29.193"/>
  <system-out/>
</testsuite> <!-- fredfraser.tests.SubmitOrderTest -->
