<?xml version="1.0" encoding="UTF-8"?>
<!-- Generated by org.testng.reporters.JUnitReportReporter -->
<testsuite hostname="Freds-Air.home" failures="0" tests="1" name="fredfraser.tests.SubmitOrderTest" time="31.615" errors="0" timestamp="2024-04-26T10:03:24 EDT" skipped="0">
  <testcase classname="fredfraser.tests.SubmitOrderTest" name="submitOrder" time="31.615"/>
</testsuite> <!-- fredfraser.tests.SubmitOrderTest -->
